2023-04-05 23:48:38,720 - root - INFO - Successfully generated 361 data points for ip_addr='localhost' port=6780 indeks=12
2023-04-05 23:48:38,722 - root - INFO - Registered localhost client successfully! # available clients: 1
2023-04-05 23:48:47,472 - root - INFO - No clients registered
2023-04-05 23:49:46,763 - root - INFO - Successfully generated 361 data points for ip_addr='localhost' port=6780 indeks=12
2023-04-05 23:49:46,765 - root - INFO - Registered localhost client successfully! # available clients: 1
2023-04-05 23:49:47,090 - root - INFO - Starting sending data
2023-04-05 23:49:47,265 - urllib3.connectionpool - DEBUG - Starting new HTTP connection (1): localhost:6780
2023-04-05 23:49:48,079 - root - INFO - Starting sending data
2023-04-05 23:49:48,172 - urllib3.connectionpool - DEBUG - Starting new HTTP connection (1): localhost:6780
2023-04-05 23:49:49,554 - urllib3.connectionpool - DEBUG - http://localhost:6780 "POST /sensor-data HTTP/1.1" 201 4
2023-04-05 23:49:49,610 - root - INFO - Finished sending data
2023-04-05 23:49:50,337 - urllib3.connectionpool - DEBUG - http://localhost:6780 "POST /sensor-data HTTP/1.1" 201 4
2023-04-05 23:49:50,391 - root - INFO - Finished sending data
2023-04-05 23:49:52,073 - root - INFO - Successfully saved the result into 12.txt file
2023-04-05 23:50:12,191 - root - INFO - Starting sending data
2023-04-05 23:50:12,292 - urllib3.connectionpool - DEBUG - Starting new HTTP connection (1): localhost:6780
2023-04-05 23:50:14,512 - urllib3.connectionpool - DEBUG - http://localhost:6780 "POST /sensor-data HTTP/1.1" 201 4
2023-04-05 23:50:14,563 - root - INFO - Finished sending data
2023-04-05 23:50:16,830 - root - INFO - Successfully saved the result into 12.txt file
2024-04-03 00:21:23,867 - root - INFO - Successfully generated 25 data points for ip_addr='localhost' port=6780 indeks=12
2024-04-03 00:21:23,868 - root - INFO - Registered localhost client successfully! # available clients: 1
2024-04-03 00:21:34,369 - root - INFO - Starting sending data
2024-04-03 00:21:34,393 - urllib3.connectionpool - DEBUG - Starting new HTTP connection (1): localhost:6780
2024-04-03 00:21:36,457 - urllib3.connectionpool - DEBUG - http://localhost:6780 "POST /sensor-data HTTP/1.1" 201 4
2024-04-03 00:21:36,510 - root - INFO - Finished sending data
2024-04-03 00:21:38,545 - root - INFO - Successfully saved the result into 12.txt file
2024-04-03 00:23:58,724 - root - INFO - Successfully generated 25 data points for ip_addr='localhost' port=6780 indeks=12
2024-04-03 00:23:58,725 - root - INFO - Registered localhost client successfully! # available clients: 1
2024-04-03 00:24:21,398 - root - INFO - Starting sending data
2024-04-03 00:24:21,411 - urllib3.connectionpool - DEBUG - Starting new HTTP connection (1): localhost:6780
2024-04-03 00:24:23,463 - urllib3.connectionpool - DEBUG - http://localhost:6780 "POST /sensor-data HTTP/1.1" 201 4
2024-04-03 00:24:23,515 - root - INFO - Finished sending data
2024-04-03 00:24:25,513 - root - INFO - Successfully saved the result into 12.txt file
2024-04-03 00:25:55,587 - root - INFO - Starting sending data
2024-04-03 00:25:55,597 - urllib3.connectionpool - DEBUG - Starting new HTTP connection (1): localhost:6780
2024-04-03 00:25:57,660 - urllib3.connectionpool - DEBUG - http://localhost:6780 "POST /sensor-data HTTP/1.1" 201 4
2024-04-03 00:25:57,717 - root - INFO - Finished sending data
2024-04-03 00:25:59,720 - root - INFO - Successfully saved the result into 12.txt file
2024-04-03 00:26:22,896 - root - INFO - Starting sending data
2024-04-03 00:26:22,908 - urllib3.connectionpool - DEBUG - Starting new HTTP connection (1): localhost:6780
2024-04-03 00:26:24,968 - urllib3.connectionpool - DEBUG - http://localhost:6780 "POST /sensor-data HTTP/1.1" 201 4
2024-04-03 00:26:25,020 - root - INFO - Finished sending data
2024-04-03 00:26:27,026 - root - INFO - Successfully saved the result into 12.txt file
2024-04-03 00:27:15,326 - root - INFO - Starting sending data
2024-04-03 00:27:15,336 - urllib3.connectionpool - DEBUG - Starting new HTTP connection (1): localhost:6780
2024-04-03 00:27:17,402 - urllib3.connectionpool - DEBUG - http://localhost:6780 "POST /sensor-data HTTP/1.1" 201 4
2024-04-03 00:27:17,454 - root - INFO - Finished sending data
2024-04-03 00:27:19,468 - root - INFO - Successfully saved the result into 12.txt file
2024-04-03 00:28:04,703 - root - INFO - Successfully generated 25 data points for ip_addr='localhost' port=6780 indeks=12
2024-04-03 00:28:04,703 - root - INFO - Registered localhost client successfully! # available clients: 1
2024-04-03 00:28:06,491 - root - INFO - Starting sending data
2024-04-03 00:28:06,503 - urllib3.connectionpool - DEBUG - Starting new HTTP connection (1): localhost:6780
2024-04-03 00:28:08,564 - urllib3.connectionpool - DEBUG - http://localhost:6780 "POST /sensor-data HTTP/1.1" 201 4
2024-04-03 00:28:08,616 - root - INFO - Finished sending data
2024-04-03 00:28:10,664 - root - INFO - Successfully saved the result into 12.txt file
2024-04-03 00:30:47,122 - root - INFO - Starting sending data
2024-04-03 00:30:47,130 - urllib3.connectionpool - DEBUG - Starting new HTTP connection (1): localhost:6780
2024-04-03 00:30:49,200 - urllib3.connectionpool - DEBUG - http://localhost:6780 "POST /sensor-data HTTP/1.1" 201 4
2024-04-03 00:30:49,253 - root - INFO - Finished sending data
2024-04-03 00:30:51,296 - root - INFO - Successfully saved the result into 12.txt file
2024-04-03 00:31:34,402 - root - INFO - Successfully generated 25 data points for ip_addr='localhost' port=6780 indeks=12
2024-04-03 00:31:34,403 - root - INFO - Registered localhost client successfully! # available clients: 1
2024-04-03 00:31:37,516 - root - INFO - Starting sending data
2024-04-03 00:31:37,529 - urllib3.connectionpool - DEBUG - Starting new HTTP connection (1): localhost:6780
2024-04-03 00:31:39,562 - urllib3.connectionpool - DEBUG - http://localhost:6780 "POST /sensor-data HTTP/1.1" 201 4
2024-04-03 00:31:39,613 - root - INFO - Finished sending data
2024-04-03 00:31:41,639 - root - INFO - Successfully saved the result into 12.txt file
2024-04-03 00:32:54,967 - root - INFO - Successfully generated 7 data points for ip_addr='localhost' port=6780 indeks=12
2024-04-03 00:32:54,967 - root - INFO - Registered localhost client successfully! # available clients: 1
2024-04-03 00:32:57,021 - root - INFO - Starting sending data
2024-04-03 00:32:57,040 - urllib3.connectionpool - DEBUG - Starting new HTTP connection (1): localhost:6780
2024-04-03 00:32:59,094 - urllib3.connectionpool - DEBUG - http://localhost:6780 "POST /sensor-data HTTP/1.1" 201 4
2024-04-03 00:32:59,145 - root - INFO - Finished sending data
2024-04-03 00:33:01,171 - root - INFO - Successfully saved the result into 12.txt file
2024-04-03 00:34:21,254 - root - INFO - Starting sending data
2024-04-03 00:34:21,263 - urllib3.connectionpool - DEBUG - Starting new HTTP connection (1): localhost:6780
2024-04-03 00:34:23,315 - urllib3.connectionpool - DEBUG - http://localhost:6780 "POST /sensor-data HTTP/1.1" 201 4
2024-04-03 00:34:23,366 - root - INFO - Finished sending data
2024-04-03 00:34:25,382 - root - INFO - Successfully saved the result into 12.txt file
2024-04-03 00:34:58,400 - root - INFO - Successfully generated 7 data points for ip_addr='localhost' port=6780 indeks=12
2024-04-03 00:34:58,401 - root - INFO - Registered localhost client successfully! # available clients: 1
2024-04-03 00:35:02,528 - root - INFO - Starting sending data
2024-04-03 00:35:02,541 - urllib3.connectionpool - DEBUG - Starting new HTTP connection (1): localhost:6780
2024-04-03 00:35:04,610 - urllib3.connectionpool - DEBUG - http://localhost:6780 "POST /sensor-data HTTP/1.1" 201 4
2024-04-03 00:35:04,662 - root - INFO - Finished sending data
2024-04-03 00:35:42,904 - root - INFO - Starting sending data
2024-04-03 00:35:42,914 - urllib3.connectionpool - DEBUG - Starting new HTTP connection (1): localhost:6780
2024-04-03 00:35:44,945 - urllib3.connectionpool - DEBUG - http://localhost:6780 "POST /sensor-data HTTP/1.1" 201 4
2024-04-03 00:35:44,997 - root - INFO - Finished sending data
2024-04-03 00:35:47,034 - root - INFO - Successfully saved the result into 12.txt file
2024-04-03 00:47:04,380 - root - INFO - No clients registered
2024-04-03 00:47:07,860 - root - INFO - Successfully generated 7 data points for ip_addr='localhost' port=6780 indeks=12
2024-04-03 00:47:07,861 - root - INFO - Registered localhost client successfully! # available clients: 1
2024-04-03 00:47:47,159 - root - INFO - Starting sending data
2024-04-03 00:47:47,172 - urllib3.connectionpool - DEBUG - Starting new HTTP connection (1): localhost:6780
2024-04-03 00:47:49,228 - urllib3.connectionpool - DEBUG - http://localhost:6780 "POST /sensor-data HTTP/1.1" 201 4
2024-04-03 00:47:49,280 - root - INFO - Finished sending data
2024-04-03 00:47:51,296 - root - INFO - Successfully saved the result into 12.txt file
2024-04-03 00:48:50,374 - root - INFO - Starting sending data
2024-04-03 00:48:50,383 - urllib3.connectionpool - DEBUG - Starting new HTTP connection (1): localhost:6780
2024-04-03 00:48:52,440 - urllib3.connectionpool - DEBUG - http://localhost:6780 "POST /sensor-data HTTP/1.1" 201 4
2024-04-03 00:48:52,492 - root - INFO - Finished sending data
2024-04-03 00:48:54,512 - root - INFO - Successfully saved the result into 12.txt file
2024-04-03 00:49:52,589 - root - INFO - Starting sending data
2024-04-03 00:49:52,604 - urllib3.connectionpool - DEBUG - Starting new HTTP connection (1): localhost:6780
2024-04-03 00:49:54,659 - urllib3.connectionpool - DEBUG - http://localhost:6780 "POST /sensor-data HTTP/1.1" 201 4
2024-04-03 00:49:54,712 - root - INFO - Finished sending data
2024-04-03 00:49:56,803 - root - INFO - Successfully saved the result into 12.txt file
2024-04-03 00:50:46,410 - root - INFO - Starting sending data
2024-04-03 00:50:46,426 - urllib3.connectionpool - DEBUG - Starting new HTTP connection (1): localhost:6780
2024-04-03 00:50:48,503 - urllib3.connectionpool - DEBUG - http://localhost:6780 "POST /sensor-data HTTP/1.1" 201 4
2024-04-03 00:50:48,555 - root - INFO - Finished sending data
2024-04-03 00:50:50,592 - root - INFO - Successfully saved the result into 12.txt file
2024-04-03 00:52:41,569 - root - INFO - Successfully generated 7 data points for ip_addr='localhost' port=6780 indeks=12
2024-04-03 00:52:41,569 - root - INFO - Registered localhost client successfully! # available clients: 1
2024-04-03 00:52:44,745 - root - INFO - Starting sending data
2024-04-03 00:52:44,763 - urllib3.connectionpool - DEBUG - Starting new HTTP connection (1): localhost:6780
2024-04-03 00:52:46,818 - urllib3.connectionpool - DEBUG - http://localhost:6780 "POST /sensor-data HTTP/1.1" 201 4
2024-04-03 00:52:46,870 - root - INFO - Finished sending data
2024-04-03 00:52:48,903 - root - INFO - Successfully saved the result into 12.txt file
2024-04-03 00:55:16,101 - root - INFO - Starting sending data
2024-04-03 00:55:16,131 - urllib3.connectionpool - DEBUG - Starting new HTTP connection (1): localhost:6780
2024-04-03 00:55:18,220 - urllib3.connectionpool - DEBUG - http://localhost:6780 "POST /sensor-data HTTP/1.1" 201 4
2024-04-03 00:55:18,273 - root - INFO - Finished sending data
2024-04-03 00:55:20,298 - root - INFO - Successfully saved the result into 12.txt file
2024-04-03 00:57:39,432 - root - INFO - Starting sending data
2024-04-03 00:57:39,458 - urllib3.connectionpool - DEBUG - Starting new HTTP connection (1): localhost:6780
2024-04-03 00:57:41,499 - urllib3.connectionpool - DEBUG - http://localhost:6780 "POST /sensor-data HTTP/1.1" 201 4
2024-04-03 00:57:41,553 - root - INFO - Finished sending data
2024-04-03 00:57:43,578 - root - INFO - Successfully saved the result into 12.txt file
2024-04-03 01:00:38,515 - root - INFO - Starting sending data
2024-04-03 01:00:38,551 - urllib3.connectionpool - DEBUG - Starting new HTTP connection (1): localhost:6780
2024-04-03 01:00:40,617 - urllib3.connectionpool - DEBUG - http://localhost:6780 "POST /sensor-data HTTP/1.1" 201 4
2024-04-03 01:00:40,670 - root - INFO - Finished sending data
2024-04-03 01:00:42,709 - root - INFO - Successfully saved the result into 12.txt file
2024-04-03 01:01:56,008 - root - INFO - No clients registered
2024-04-03 01:04:40,041 - root - INFO - No clients registered
2024-04-03 01:04:54,386 - root - INFO - Successfully generated 7 data points for ip_addr='localhost' port=6780 indeks=12
2024-04-03 01:04:54,387 - root - INFO - Registered localhost client successfully! # available clients: 1
2024-04-03 01:04:54,717 - root - INFO - Starting sending data
2024-04-03 01:04:54,752 - root - ERROR - Error: Object of type int64 is not JSON serializable
2024-04-03 01:04:54,753 - root - INFO - Finished sending data
2024-04-03 01:05:45,053 - root - INFO - Successfully generated 7 data points for ip_addr='localhost' port=6780 indeks=12
2024-04-03 01:05:45,057 - root - INFO - Registered localhost client successfully! # available clients: 1
2024-04-03 01:05:46,202 - root - INFO - Starting sending data
2024-04-03 01:05:46,236 - urllib3.connectionpool - DEBUG - Starting new HTTP connection (1): localhost:6780
2024-04-03 01:05:48,303 - urllib3.connectionpool - DEBUG - http://localhost:6780 "POST /sensor-data HTTP/1.1" 201 4
2024-04-03 01:05:48,357 - root - INFO - Finished sending data
2024-04-03 01:05:50,408 - root - INFO - Successfully saved the result into 12.txt file
2024-04-03 01:09:41,220 - root - INFO - No clients registered
2024-04-03 01:09:55,466 - root - INFO - No clients registered
2024-04-03 01:09:55,883 - root - INFO - Successfully generated 7 data points for ip_addr='localhost' port=6780 indeks=12
2024-04-03 01:09:55,884 - root - INFO - Registered localhost client successfully! # available clients: 1
2024-04-03 01:10:05,514 - root - INFO - Starting sending data
2024-04-03 01:10:05,549 - root - ERROR - Error: Object of type int64 is not JSON serializable
2024-04-03 01:10:05,550 - root - INFO - Finished sending data
2024-04-03 01:15:38,662 - root - INFO - No clients registered
2024-04-03 01:15:39,818 - root - INFO - Successfully generated 7 data points for ip_addr='localhost' port=6780 indeks=12
2024-04-03 01:15:39,821 - root - INFO - Registered localhost client successfully! # available clients: 1
2024-04-03 01:15:49,555 - root - INFO - Starting sending data
2024-04-03 01:15:49,575 - urllib3.connectionpool - DEBUG - Starting new HTTP connection (1): localhost:6780
2024-04-03 01:15:51,663 - urllib3.connectionpool - DEBUG - http://localhost:6780 "POST /sensor-data HTTP/1.1" 201 4
2024-04-03 01:15:51,717 - root - INFO - Finished sending data
2024-04-03 01:15:53,755 - root - INFO - Successfully saved the result into 12.txt file
2024-04-03 01:19:03,697 - root - INFO - Successfully generated 7 data points for ip_addr='localhost' port=6780 indeks=12
2024-04-03 01:19:03,698 - root - INFO - Registered localhost client successfully! # available clients: 1
2024-04-03 01:19:04,775 - root - INFO - Starting sending data
2024-04-03 01:19:04,820 - urllib3.connectionpool - DEBUG - Starting new HTTP connection (1): localhost:6780
2024-04-03 01:19:06,882 - urllib3.connectionpool - DEBUG - http://localhost:6780 "POST /sensor-data HTTP/1.1" 201 4
2024-04-03 01:19:06,934 - root - INFO - Finished sending data
2024-04-03 01:19:08,981 - root - INFO - Successfully saved the result into 12.txt file
2024-04-03 01:19:36,625 - root - INFO - No clients registered
2024-04-03 01:19:37,364 - root - INFO - Successfully generated 7 data points for ip_addr='localhost' port=6780 indeks=12
2024-04-03 01:19:37,365 - root - INFO - Registered localhost client successfully! # available clients: 1
2024-04-03 01:20:28,475 - root - INFO - No clients registered
2024-04-03 01:20:29,692 - root - INFO - Successfully generated 7 data points for ip_addr='localhost' port=6780 indeks=12
2024-04-03 01:20:29,692 - root - INFO - Registered localhost client successfully! # available clients: 1
2024-04-03 01:21:26,414 - root - INFO - No clients registered
2024-04-03 01:21:27,472 - root - INFO - Successfully generated 7 data points for ip_addr='localhost' port=6780 indeks=12
2024-04-03 01:21:27,472 - root - INFO - Registered localhost client successfully! # available clients: 1
2024-04-03 01:22:03,694 - root - INFO - No clients registered
2024-04-03 01:22:04,533 - root - INFO - Successfully generated 7 data points for ip_addr='localhost' port=6780 indeks=12
2024-04-03 01:22:04,535 - root - INFO - Registered localhost client successfully! # available clients: 1
2024-04-03 01:23:42,802 - root - INFO - No clients registered
2024-04-03 01:23:44,200 - root - INFO - Successfully generated 7 data points for ip_addr='localhost' port=6780 indeks=12
2024-04-03 01:23:44,201 - root - INFO - Registered localhost client successfully! # available clients: 1
2024-04-03 01:24:29,068 - root - INFO - No clients registered
2024-04-03 01:24:30,565 - root - INFO - Successfully generated 7 data points for ip_addr='localhost' port=6780 indeks=12
2024-04-03 01:24:30,567 - root - INFO - Registered localhost client successfully! # available clients: 1
2024-04-03 01:24:43,282 - root - INFO - Starting sending data
2024-04-03 01:24:43,321 - urllib3.connectionpool - DEBUG - Starting new HTTP connection (1): localhost:6780
2024-04-03 01:24:45,398 - urllib3.connectionpool - DEBUG - http://localhost:6780 "POST /sensor-data HTTP/1.1" 201 4
2024-04-03 01:24:45,451 - root - INFO - Finished sending data
2024-04-03 01:24:47,492 - root - INFO - Successfully saved the result into 12.txt file
2024-04-03 01:25:41,357 - root - INFO - Successfully generated 7 data points for ip_addr='localhost' port=6780 indeks=12
2024-04-03 01:25:41,357 - root - INFO - Registered localhost client successfully! # available clients: 1
2024-04-03 01:25:41,569 - root - INFO - Starting sending data
2024-04-03 01:25:41,607 - root - ERROR - Error: Object of type int64 is not JSON serializable
2024-04-03 01:25:41,608 - root - INFO - Finished sending data
2024-04-03 01:26:12,981 - root - INFO - No clients registered
2024-04-03 01:26:13,515 - root - INFO - Successfully generated 7 data points for ip_addr='localhost' port=6780 indeks=12
2024-04-03 01:26:13,516 - root - INFO - Registered localhost client successfully! # available clients: 1
2024-04-03 01:26:21,343 - root - INFO - Starting sending data
2024-04-03 01:26:21,367 - root - ERROR - Error: Object of type int64 is not JSON serializable
2024-04-03 01:26:21,368 - root - INFO - Finished sending data
2024-04-03 01:27:21,737 - root - INFO - No clients registered
2024-04-03 01:27:22,586 - root - INFO - Successfully generated 7 data points for ip_addr='localhost' port=6780 indeks=12
2024-04-03 01:27:22,586 - root - INFO - Registered localhost client successfully! # available clients: 1
2024-04-03 01:27:38,656 - root - INFO - Starting sending data
2024-04-03 01:27:38,679 - urllib3.connectionpool - DEBUG - Starting new HTTP connection (1): localhost:6780
2024-04-03 01:27:40,730 - urllib3.connectionpool - DEBUG - http://localhost:6780 "POST /sensor-data HTTP/1.1" 201 4
2024-04-03 01:27:40,783 - root - INFO - Finished sending data
2024-04-03 01:27:42,800 - root - INFO - Successfully saved the result into 12.txt file
2024-04-03 01:31:36,945 - root - INFO - Starting sending data
2024-04-03 01:31:36,962 - urllib3.connectionpool - DEBUG - Starting new HTTP connection (1): localhost:6780
2024-04-03 01:31:39,011 - urllib3.connectionpool - DEBUG - http://localhost:6780 "POST /sensor-data HTTP/1.1" 201 4
2024-04-03 01:31:39,063 - root - INFO - Finished sending data
2024-04-03 01:31:41,098 - root - INFO - Successfully saved the result into 12.txt file
2024-04-03 01:36:49,026 - root - INFO - Successfully generated 7 data points for ip_addr='localhost' port=6780 indeks=12
2024-04-03 01:36:49,027 - root - INFO - Registered localhost client successfully! # available clients: 1
2024-04-03 01:36:49,860 - root - INFO - Starting sending data
2024-04-03 01:36:49,878 - urllib3.connectionpool - DEBUG - Starting new HTTP connection (1): localhost:6780
2024-04-03 01:36:51,967 - urllib3.connectionpool - DEBUG - http://localhost:6780 "POST /sensor-data HTTP/1.1" 201 4
2024-04-03 01:36:52,020 - root - INFO - Finished sending data
2024-04-03 01:37:39,768 - root - INFO - Starting sending data
2024-04-03 01:37:39,787 - urllib3.connectionpool - DEBUG - Starting new HTTP connection (1): localhost:6780
2024-04-03 01:37:41,848 - urllib3.connectionpool - DEBUG - http://localhost:6780 "POST /sensor-data HTTP/1.1" 201 4
2024-04-03 01:37:41,900 - root - INFO - Finished sending data
2024-04-03 01:37:43,912 - root - INFO - Successfully saved the result into 12.txt file
2024-04-03 01:39:06,620 - root - INFO - Starting sending data
2024-04-03 01:39:06,630 - urllib3.connectionpool - DEBUG - Starting new HTTP connection (1): localhost:6780
2024-04-03 01:39:08,710 - urllib3.connectionpool - DEBUG - http://localhost:6780 "POST /sensor-data HTTP/1.1" 201 4
2024-04-03 01:39:08,765 - root - INFO - Finished sending data
2024-04-03 01:39:10,795 - root - INFO - Successfully saved the result into 12.txt file
2024-04-03 01:42:40,213 - root - INFO - No clients registered
2024-04-03 01:42:41,486 - root - INFO - Successfully generated 7 data points for ip_addr='localhost' port=6780 indeks=12
2024-04-03 01:42:41,486 - root - INFO - Registered localhost client successfully! # available clients: 1
2024-04-03 01:42:54,181 - root - INFO - Starting sending data
2024-04-03 01:42:54,197 - urllib3.connectionpool - DEBUG - Starting new HTTP connection (1): localhost:6780
2024-04-03 01:42:56,273 - urllib3.connectionpool - DEBUG - http://localhost:6780 "POST /sensor-data HTTP/1.1" 201 4
2024-04-03 01:42:56,325 - root - INFO - Finished sending data
2024-04-03 01:42:58,375 - root - INFO - Successfully saved the result into 12.txt file
2024-04-03 01:45:36,864 - root - INFO - No clients registered
2024-04-03 01:45:40,420 - root - INFO - Successfully generated 7 data points for ip_addr='localhost' port=6780 indeks=12
2024-04-03 01:45:40,423 - root - INFO - Registered localhost client successfully! # available clients: 1
2024-04-03 01:45:53,715 - root - INFO - Starting sending data
2024-04-03 01:45:53,760 - urllib3.connectionpool - DEBUG - Starting new HTTP connection (1): localhost:6780
2024-04-03 01:45:55,917 - urllib3.connectionpool - DEBUG - http://localhost:6780 "POST /sensor-data HTTP/1.1" 201 4
2024-04-03 01:45:55,968 - root - INFO - Finished sending data
2024-04-03 01:45:57,995 - root - INFO - Successfully saved the result into 12.txt file
2024-04-03 01:47:49,663 - root - INFO - No clients registered
2024-04-03 01:47:50,929 - root - INFO - Successfully generated 7 data points for ip_addr='localhost' port=6780 indeks=12
2024-04-03 01:47:50,930 - root - INFO - Registered localhost client successfully! # available clients: 1
2024-04-03 01:48:01,425 - root - INFO - Starting sending data
2024-04-03 01:48:01,454 - urllib3.connectionpool - DEBUG - Starting new HTTP connection (1): localhost:6780
2024-04-03 01:48:03,517 - urllib3.connectionpool - DEBUG - http://localhost:6780 "POST /sensor-data HTTP/1.1" 201 4
2024-04-03 01:48:03,569 - root - INFO - Finished sending data
2024-04-03 01:48:05,598 - root - INFO - Successfully saved the result into 12.txt file
2024-04-03 01:50:33,064 - root - INFO - Successfully generated 7 data points for ip_addr='localhost' port=6780 indeks=12
2024-04-03 01:50:33,065 - root - INFO - Registered localhost client successfully! # available clients: 1
2024-04-03 01:50:34,301 - root - INFO - Starting sending data
2024-04-03 01:50:34,337 - urllib3.connectionpool - DEBUG - Starting new HTTP connection (1): localhost:6780
2024-04-03 01:50:36,419 - urllib3.connectionpool - DEBUG - http://localhost:6780 "POST /sensor-data HTTP/1.1" 201 4
2024-04-03 01:50:36,471 - root - INFO - Finished sending data
2024-04-03 01:50:38,524 - root - INFO - Successfully saved the result into 12.txt file
2024-04-03 01:53:17,755 - root - INFO - No clients registered
2024-04-03 01:53:17,924 - root - INFO - Successfully generated 7 data points for ip_addr='localhost' port=6780 indeks=12
2024-04-03 01:53:17,924 - root - INFO - Registered localhost client successfully! # available clients: 1
2024-04-03 01:53:23,373 - root - INFO - Starting sending data
2024-04-03 01:53:23,419 - urllib3.connectionpool - DEBUG - Starting new HTTP connection (1): localhost:6780
2024-04-03 01:53:25,479 - urllib3.connectionpool - DEBUG - http://localhost:6780 "POST /sensor-data HTTP/1.1" 201 4
2024-04-03 01:53:25,532 - root - INFO - Finished sending data
2024-04-03 01:54:02,012 - root - INFO - Starting sending data
2024-04-03 01:54:02,029 - urllib3.connectionpool - DEBUG - Starting new HTTP connection (1): localhost:6780
2024-04-03 01:54:04,081 - urllib3.connectionpool - DEBUG - http://localhost:6780 "POST /sensor-data HTTP/1.1" 201 4
2024-04-03 01:54:04,134 - root - INFO - Finished sending data
2024-04-03 01:54:06,205 - root - INFO - Successfully saved the result into 12.txt file
2024-04-03 01:55:30,509 - root - INFO - Successfully generated 2881 data points for ip_addr='localhost' port=6780 indeks=12
2024-04-03 01:55:30,509 - root - INFO - Registered localhost client successfully! # available clients: 1
2024-04-03 01:55:38,778 - root - INFO - Starting sending data
2024-04-03 01:55:39,247 - urllib3.connectionpool - DEBUG - Starting new HTTP connection (1): localhost:6780
2024-04-03 01:55:41,951 - urllib3.connectionpool - DEBUG - http://localhost:6780 "POST /sensor-data HTTP/1.1" 201 4
2024-04-03 01:55:42,004 - root - INFO - Finished sending data
2024-04-03 01:55:47,453 - root - INFO - Successfully saved the result into 12.txt file
2024-04-05 20:20:13,122 - root - INFO - Successfully generated 2881 data points for ip_addr='localhost' port=6780 indeks=12
2024-04-05 20:20:13,123 - root - INFO - Registered localhost client successfully! # available clients: 1
2024-04-05 20:20:28,202 - root - INFO - Starting sending data
2024-04-05 20:20:28,282 - urllib3.connectionpool - DEBUG - Starting new HTTP connection (1): localhost:6780
2024-04-05 20:20:30,444 - urllib3.connectionpool - DEBUG - http://localhost:6780 "POST /sensor-data HTTP/1.1" 201 4
2024-04-05 20:20:30,504 - root - INFO - Finished sending data
2024-04-05 20:20:33,818 - root - INFO - Successfully saved the result into 12.txt file
2024-04-05 20:23:42,975 - root - INFO - Successfully generated 2881 data points for ip_addr='localhost' port=6780 indeks=448700
2024-04-05 20:23:42,976 - root - INFO - Registered localhost client successfully! # available clients: 1
2024-04-05 20:23:47,691 - root - INFO - Starting sending data
2024-04-05 20:23:47,877 - urllib3.connectionpool - DEBUG - Starting new HTTP connection (1): localhost:6780
2024-04-05 20:23:50,048 - urllib3.connectionpool - DEBUG - http://localhost:6780 "POST /sensor-data HTTP/1.1" 201 4
2024-04-05 20:23:50,111 - root - INFO - Finished sending data
2024-04-05 20:23:53,236 - root - INFO - Successfully saved the result into 448700.txt file
2024-04-05 20:25:50,957 - root - INFO - Successfully generated 2881 data points for ip_addr='localhost' port=6780 indeks=448700
2024-04-05 20:25:50,957 - root - INFO - Registered localhost client successfully! # available clients: 1
2024-04-05 20:25:59,031 - root - INFO - Starting sending data
2024-04-05 20:25:59,193 - urllib3.connectionpool - DEBUG - Starting new HTTP connection (1): localhost:6780
2024-04-05 20:26:01,552 - urllib3.connectionpool - DEBUG - http://localhost:6780 "POST /sensor-data HTTP/1.1" 201 4
2024-04-05 20:26:01,611 - root - INFO - Finished sending data
2024-04-05 20:26:04,573 - root - INFO - Successfully saved the result into 448700.txt file
2024-04-07 23:01:36,645 - root - INFO - Successfully generated 2881 data points for ip_addr='localhost' port=6780 indeks=448700
2024-04-07 23:01:36,646 - root - INFO - Registered localhost client successfully! # available clients: 1
2024-04-07 23:01:43,121 - root - INFO - Starting sending data
2024-04-07 23:01:43,183 - urllib3.connectionpool - DEBUG - Starting new HTTP connection (1): localhost:6780
2024-04-07 23:01:45,358 - urllib3.connectionpool - DEBUG - http://localhost:6780 "POST /sensor-data HTTP/1.1" 201 4
2024-04-07 23:01:45,425 - root - INFO - Finished sending data
2024-04-07 23:01:48,523 - root - INFO - Successfully saved the result into 448700.txt file
2024-04-08 19:35:15,716 - root - INFO - Successfully generated 2881 data points for ip_addr='localhost' port=6780 indeks=11111
2024-04-08 19:35:15,716 - root - INFO - Registered localhost client successfully! # available clients: 1
2024-04-08 19:35:20,823 - root - INFO - Starting sending data
2024-04-08 19:35:20,886 - urllib3.connectionpool - DEBUG - Starting new HTTP connection (1): localhost:6780
2024-04-08 19:35:23,073 - urllib3.connectionpool - DEBUG - http://localhost:6780 "POST /sensor-data HTTP/1.1" 201 4
2024-04-08 19:35:23,134 - root - INFO - Finished sending data
2024-04-08 19:35:26,586 - root - INFO - Successfully saved the result into 11111.txt file
2024-04-08 20:05:21,146 - root - INFO - Successfully generated 2881 data points for ip_addr='localhost' port=6780 indeks=11111
2024-04-08 20:05:21,146 - root - INFO - Registered localhost client successfully! # available clients: 1
2024-04-08 20:05:24,820 - root - INFO - Starting sending data
2024-04-08 20:05:24,882 - urllib3.connectionpool - DEBUG - Starting new HTTP connection (1): localhost:6780
2024-04-08 20:05:27,057 - urllib3.connectionpool - DEBUG - http://localhost:6780 "POST /sensor-data HTTP/1.1" 201 4
2024-04-08 20:05:27,115 - root - INFO - Finished sending data
2024-04-08 20:05:29,527 - root - INFO - Successfully saved the result into 11111.txt file
2024-04-08 20:30:18,365 - root - INFO - Successfully generated 2881 data points for ip_addr='localhost' port=6780 indeks=448700
2024-04-08 20:30:18,365 - root - INFO - Registered localhost client successfully! # available clients: 1
2024-04-08 20:30:23,217 - root - INFO - Starting sending data
2024-04-08 20:30:23,278 - urllib3.connectionpool - DEBUG - Starting new HTTP connection (1): localhost:6780
2024-04-08 20:30:25,447 - urllib3.connectionpool - DEBUG - http://localhost:6780 "POST /sensor-data HTTP/1.1" 201 4
2024-04-08 20:30:25,509 - root - INFO - Finished sending data
2024-04-08 20:30:28,608 - root - INFO - Successfully saved the result into 448700.txt file
2024-04-08 20:35:45,911 - root - INFO - Successfully generated 2881 data points for ip_addr='localhost' port=6780 indeks=11111
2024-04-08 20:35:45,911 - root - INFO - Registered localhost client successfully! # available clients: 1
2024-04-08 20:35:49,917 - root - INFO - Starting sending data
2024-04-08 20:35:49,979 - urllib3.connectionpool - DEBUG - Starting new HTTP connection (1): localhost:6780
2024-04-08 20:35:52,164 - urllib3.connectionpool - DEBUG - http://localhost:6780 "POST /sensor-data HTTP/1.1" 201 4
2024-04-08 20:35:52,224 - root - INFO - Finished sending data
2024-04-08 20:37:19,541 - root - INFO - Successfully generated 2881 data points for ip_addr='localhost' port=6780 indeks=11111
2024-04-08 20:37:19,541 - root - INFO - Registered localhost client successfully! # available clients: 1
2024-04-08 20:37:22,185 - root - INFO - Starting sending data
2024-04-08 20:37:22,246 - urllib3.connectionpool - DEBUG - Starting new HTTP connection (1): localhost:6780
2024-04-08 20:37:24,438 - urllib3.connectionpool - DEBUG - http://localhost:6780 "POST /sensor-data HTTP/1.1" 201 4
2024-04-08 20:37:24,493 - root - INFO - Finished sending data
2024-04-08 20:40:03,686 - root - INFO - Successfully generated 2881 data points for ip_addr='localhost' port=6780 indeks=448700
2024-04-08 20:40:03,687 - root - INFO - Registered localhost client successfully! # available clients: 1
2024-04-08 20:40:07,282 - root - INFO - Starting sending data
2024-04-08 20:40:07,351 - urllib3.connectionpool - DEBUG - Starting new HTTP connection (1): localhost:6780
2024-04-08 20:40:09,572 - urllib3.connectionpool - DEBUG - http://localhost:6780 "POST /sensor-data HTTP/1.1" 201 4
2024-04-08 20:40:09,631 - root - INFO - Finished sending data
2024-04-08 20:40:12,843 - root - INFO - Successfully saved the result into 448700.txt file
2024-04-08 20:41:01,447 - root - INFO - Successfully generated 2881 data points for ip_addr='localhost' port=6780 indeks=11111
2024-04-08 20:41:01,447 - root - INFO - Registered localhost client successfully! # available clients: 1
2024-04-08 20:41:04,110 - root - INFO - Starting sending data
2024-04-08 20:41:04,174 - urllib3.connectionpool - DEBUG - Starting new HTTP connection (1): localhost:6780
2024-04-08 20:41:06,332 - urllib3.connectionpool - DEBUG - http://localhost:6780 "POST /sensor-data HTTP/1.1" 201 4
2024-04-08 20:41:06,383 - root - INFO - Finished sending data
2024-04-08 20:41:10,163 - root - INFO - Successfully saved the result into 11111.txt file
2024-04-08 20:42:52,215 - root - INFO - Successfully generated 2881 data points for ip_addr='localhost' port=6780 indeks=11111
2024-04-08 20:42:52,215 - root - INFO - Registered localhost client successfully! # available clients: 1
2024-04-08 20:42:54,044 - root - INFO - Starting sending data
2024-04-08 20:42:54,105 - urllib3.connectionpool - DEBUG - Starting new HTTP connection (1): localhost:6780
2024-04-08 20:42:56,277 - urllib3.connectionpool - DEBUG - http://localhost:6780 "POST /sensor-data HTTP/1.1" 201 4
2024-04-08 20:42:56,338 - root - INFO - Finished sending data
2024-04-08 20:42:59,996 - root - INFO - Successfully saved the result into 11111.txt file
2024-04-08 20:47:42,651 - root - INFO - Successfully generated 2881 data points for ip_addr='localhost' port=6780 indeks=11111
2024-04-08 20:47:42,651 - root - INFO - Registered localhost client successfully! # available clients: 1
2024-04-08 20:47:43,838 - root - INFO - Starting sending data
2024-04-08 20:47:43,898 - urllib3.connectionpool - DEBUG - Starting new HTTP connection (1): localhost:6780
2024-04-08 20:47:46,078 - urllib3.connectionpool - DEBUG - http://localhost:6780 "POST /sensor-data HTTP/1.1" 201 4
2024-04-08 20:47:46,134 - root - INFO - Finished sending data
2024-04-08 20:47:49,980 - root - INFO - Successfully saved the result into 11111.txt file
2024-04-08 20:48:49,552 - root - INFO - Successfully generated 2881 data points for ip_addr='localhost' port=6780 indeks=11111
2024-04-08 20:48:49,552 - root - INFO - Registered localhost client successfully! # available clients: 1
2024-04-08 20:48:50,616 - root - INFO - Starting sending data
2024-04-08 20:48:50,679 - urllib3.connectionpool - DEBUG - Starting new HTTP connection (1): localhost:6780
2024-04-08 20:48:52,853 - urllib3.connectionpool - DEBUG - http://localhost:6780 "POST /sensor-data HTTP/1.1" 201 4
2024-04-08 20:48:52,914 - root - INFO - Finished sending data
2024-04-08 20:48:56,535 - root - INFO - Successfully saved the result into 11111.txt file
2024-04-08 20:49:40,056 - root - INFO - Successfully generated 2881 data points for ip_addr='localhost' port=6780 indeks=11111
2024-04-08 20:49:40,056 - root - INFO - Registered localhost client successfully! # available clients: 1
2024-04-08 20:49:43,636 - root - INFO - Starting sending data
2024-04-08 20:49:43,698 - urllib3.connectionpool - DEBUG - Starting new HTTP connection (1): localhost:6780
2024-04-08 20:49:45,877 - urllib3.connectionpool - DEBUG - http://localhost:6780 "POST /sensor-data HTTP/1.1" 201 4
2024-04-08 20:49:45,935 - root - INFO - Finished sending data
2024-04-08 20:49:49,684 - root - INFO - Successfully saved the result into 11111.txt file
2024-04-08 20:51:10,511 - root - INFO - Successfully generated 2881 data points for ip_addr='localhost' port=6780 indeks=11111
2024-04-08 20:51:10,511 - root - INFO - Registered localhost client successfully! # available clients: 1
2024-04-08 20:51:12,793 - root - INFO - Starting sending data
2024-04-08 20:51:12,855 - urllib3.connectionpool - DEBUG - Starting new HTTP connection (1): localhost:6780
2024-04-08 20:51:15,019 - urllib3.connectionpool - DEBUG - http://localhost:6780 "POST /sensor-data HTTP/1.1" 201 4
2024-04-08 20:51:15,084 - root - INFO - Finished sending data
2024-04-08 20:51:18,779 - root - INFO - Successfully saved the result into 11111.txt file
2024-04-08 20:54:20,104 - root - INFO - Successfully generated 2881 data points for ip_addr='localhost' port=6780 indeks=448700
2024-04-08 20:54:20,104 - root - INFO - Registered localhost client successfully! # available clients: 1
2024-04-08 20:54:23,340 - root - INFO - Starting sending data
2024-04-08 20:54:23,403 - urllib3.connectionpool - DEBUG - Starting new HTTP connection (1): localhost:6780
2024-04-08 20:54:25,601 - urllib3.connectionpool - DEBUG - http://localhost:6780 "POST /sensor-data HTTP/1.1" 201 4
2024-04-08 20:54:25,664 - root - INFO - Finished sending data
2024-04-08 20:54:28,796 - root - INFO - Successfully saved the result into 448700.txt file
2024-04-08 20:56:50,084 - root - INFO - Successfully generated 2881 data points for ip_addr='localhost' port=6780 indeks=11111
2024-04-08 20:56:50,084 - root - INFO - Registered localhost client successfully! # available clients: 1
2024-04-08 20:56:52,492 - root - INFO - Starting sending data
2024-04-08 20:56:52,554 - urllib3.connectionpool - DEBUG - Starting new HTTP connection (1): localhost:6780
2024-04-08 20:56:54,755 - urllib3.connectionpool - DEBUG - http://localhost:6780 "POST /sensor-data HTTP/1.1" 201 4
2024-04-08 20:56:54,821 - root - INFO - Finished sending data
2024-04-08 20:56:59,579 - root - INFO - Successfully saved the result into 11111.txt file
2024-04-08 20:59:03,053 - root - INFO - Successfully generated 2881 data points for ip_addr='localhost' port=6780 indeks=11111
2024-04-08 20:59:03,053 - root - INFO - Registered localhost client successfully! # available clients: 1
2024-04-08 20:59:09,909 - root - INFO - Starting sending data
2024-04-08 20:59:09,971 - urllib3.connectionpool - DEBUG - Starting new HTTP connection (1): localhost:6780
2024-04-08 20:59:12,170 - urllib3.connectionpool - DEBUG - http://localhost:6780 "POST /sensor-data HTTP/1.1" 201 4
2024-04-08 20:59:12,223 - root - INFO - Finished sending data
2024-04-08 20:59:17,229 - root - INFO - Successfully saved the result into 11111.txt file
2024-04-08 21:01:39,513 - root - INFO - Successfully generated 2881 data points for ip_addr='localhost' port=6780 indeks=11111
2024-04-08 21:01:39,513 - root - INFO - Registered localhost client successfully! # available clients: 1
2024-04-08 21:01:43,134 - root - INFO - Starting sending data
2024-04-08 21:01:43,195 - urllib3.connectionpool - DEBUG - Starting new HTTP connection (1): localhost:6780
2024-04-08 21:01:45,374 - urllib3.connectionpool - DEBUG - http://localhost:6780 "POST /sensor-data HTTP/1.1" 201 4
2024-04-08 21:01:45,429 - root - INFO - Finished sending data
2024-04-08 21:01:49,241 - root - INFO - Successfully saved the result into 11111.txt file
2024-04-08 21:05:07,027 - root - INFO - Successfully generated 2881 data points for ip_addr='localhost' port=6780 indeks=11111
2024-04-08 21:05:07,027 - root - INFO - Registered localhost client successfully! # available clients: 1
2024-04-08 21:05:12,731 - root - INFO - Starting sending data
2024-04-08 21:05:12,792 - urllib3.connectionpool - DEBUG - Starting new HTTP connection (1): localhost:6780
2024-04-08 21:05:14,974 - urllib3.connectionpool - DEBUG - http://localhost:6780 "POST /sensor-data HTTP/1.1" 201 4
2024-04-08 21:05:15,040 - root - INFO - Finished sending data
2024-04-08 21:05:18,795 - root - INFO - Successfully saved the result into 11111.txt file
2024-04-08 21:09:19,746 - root - INFO - Successfully generated 2881 data points for ip_addr='localhost' port=6780 indeks=11111
2024-04-08 21:09:19,746 - root - INFO - Registered localhost client successfully! # available clients: 1
2024-04-08 21:09:21,151 - root - INFO - Starting sending data
2024-04-08 21:09:21,214 - urllib3.connectionpool - DEBUG - Starting new HTTP connection (1): localhost:6780
2024-04-08 21:09:23,405 - urllib3.connectionpool - DEBUG - http://localhost:6780 "POST /sensor-data HTTP/1.1" 201 4
2024-04-08 21:09:23,461 - root - INFO - Finished sending data
2024-04-08 21:09:27,180 - root - INFO - Successfully saved the result into 11111.txt file
2024-04-08 21:14:27,168 - root - INFO - Successfully generated 2881 data points for ip_addr='localhost' port=6780 indeks=11111
2024-04-08 21:14:27,168 - root - INFO - Registered localhost client successfully! # available clients: 1
2024-04-08 21:14:30,527 - root - INFO - Starting sending data
2024-04-08 21:14:30,592 - urllib3.connectionpool - DEBUG - Starting new HTTP connection (1): localhost:6780
2024-04-08 21:14:32,769 - urllib3.connectionpool - DEBUG - http://localhost:6780 "POST /sensor-data HTTP/1.1" 201 4
2024-04-08 21:14:32,835 - root - INFO - Finished sending data
2024-04-08 21:14:36,762 - root - INFO - Successfully saved the result into 11111.txt file
2024-04-08 21:22:28,448 - root - INFO - Successfully generated 2881 data points for ip_addr='localhost' port=6780 indeks=448700
2024-04-08 21:22:28,448 - root - INFO - Registered localhost client successfully! # available clients: 1
2024-04-08 21:22:32,273 - root - INFO - Starting sending data
2024-04-08 21:22:32,333 - urllib3.connectionpool - DEBUG - Starting new HTTP connection (1): localhost:6780
2024-04-08 21:22:34,509 - urllib3.connectionpool - DEBUG - http://localhost:6780 "POST /sensor-data HTTP/1.1" 201 4
2024-04-08 21:22:34,570 - root - INFO - Finished sending data
2024-04-08 21:22:37,763 - root - INFO - Successfully saved the result into 448700.txt file
2024-04-08 21:23:24,121 - root - INFO - Successfully generated 2881 data points for ip_addr='localhost' port=6780 indeks=11111
2024-04-08 21:23:24,122 - root - INFO - Registered localhost client successfully! # available clients: 1
2024-04-08 21:23:26,350 - root - INFO - Starting sending data
2024-04-08 21:23:26,412 - urllib3.connectionpool - DEBUG - Starting new HTTP connection (1): localhost:6780
2024-04-08 21:23:28,617 - urllib3.connectionpool - DEBUG - http://localhost:6780 "POST /sensor-data HTTP/1.1" 201 4
2024-04-08 21:23:28,675 - root - INFO - Finished sending data
2024-04-08 21:23:32,572 - root - INFO - Successfully saved the result into 11111.txt file
2024-04-08 21:27:11,135 - root - INFO - Successfully generated 2881 data points for ip_addr='localhost' port=6780 indeks=11111
2024-04-08 21:27:11,135 - root - INFO - Registered localhost client successfully! # available clients: 1
2024-04-08 21:27:14,082 - root - INFO - Starting sending data
2024-04-08 21:27:14,144 - urllib3.connectionpool - DEBUG - Starting new HTTP connection (1): localhost:6780
2024-04-08 21:27:16,306 - urllib3.connectionpool - DEBUG - http://localhost:6780 "POST /sensor-data HTTP/1.1" 201 4
2024-04-08 21:27:16,367 - root - INFO - Finished sending data
2024-04-08 21:27:20,388 - root - INFO - Successfully saved the result into 11111.txt file
2024-04-08 21:28:15,431 - root - INFO - Successfully generated 2881 data points for ip_addr='localhost' port=6780 indeks=448700
2024-04-08 21:28:15,432 - root - INFO - Registered localhost client successfully! # available clients: 1
2024-04-08 21:28:17,982 - root - INFO - Starting sending data
2024-04-08 21:28:18,043 - urllib3.connectionpool - DEBUG - Starting new HTTP connection (1): localhost:6780
2024-04-08 21:28:20,207 - urllib3.connectionpool - DEBUG - http://localhost:6780 "POST /sensor-data HTTP/1.1" 201 4
2024-04-08 21:28:20,260 - root - INFO - Finished sending data
2024-04-08 21:28:23,357 - root - INFO - Successfully saved the result into 448700.txt file
2024-04-08 21:32:32,477 - root - INFO - Successfully generated 2881 data points for ip_addr='localhost' port=6780 indeks=11111
2024-04-08 21:32:32,478 - root - INFO - Registered localhost client successfully! # available clients: 1
2024-04-08 21:32:36,060 - root - INFO - Starting sending data
2024-04-08 21:32:36,123 - urllib3.connectionpool - DEBUG - Starting new HTTP connection (1): localhost:6780
2024-04-08 21:32:38,300 - urllib3.connectionpool - DEBUG - http://localhost:6780 "POST /sensor-data HTTP/1.1" 201 4
2024-04-08 21:32:38,351 - root - INFO - Finished sending data
2024-04-08 21:32:42,328 - root - INFO - Successfully saved the result into 11111.txt file
2024-04-08 21:37:38,009 - root - INFO - Successfully generated 2881 data points for ip_addr='localhost' port=6780 indeks=11111
2024-04-08 21:37:38,010 - root - INFO - Registered localhost client successfully! # available clients: 1
2024-04-08 21:37:40,278 - root - INFO - Starting sending data
2024-04-08 21:37:40,344 - urllib3.connectionpool - DEBUG - Starting new HTTP connection (1): localhost:6780
2024-04-08 21:37:42,517 - urllib3.connectionpool - DEBUG - http://localhost:6780 "POST /sensor-data HTTP/1.1" 201 4
2024-04-08 21:37:42,581 - root - INFO - Finished sending data
2024-04-08 21:37:46,622 - root - INFO - Successfully saved the result into 11111.txt file
2024-04-08 21:45:16,993 - root - INFO - Successfully generated 2881 data points for ip_addr='localhost' port=6780 indeks=11111
2024-04-08 21:45:16,993 - root - INFO - Registered localhost client successfully! # available clients: 1
2024-04-08 21:45:20,030 - root - INFO - Starting sending data
2024-04-08 21:45:20,094 - urllib3.connectionpool - DEBUG - Starting new HTTP connection (1): localhost:6780
2024-04-08 21:45:22,266 - urllib3.connectionpool - DEBUG - http://localhost:6780 "POST /sensor-data HTTP/1.1" 201 4
2024-04-08 21:45:22,320 - root - INFO - Finished sending data
2024-04-08 21:45:26,258 - root - INFO - Successfully saved the result into 11111.txt file
2024-04-08 21:46:15,384 - root - INFO - Successfully generated 2881 data points for ip_addr='localhost' port=6780 indeks=448700
2024-04-08 21:46:15,384 - root - INFO - Registered localhost client successfully! # available clients: 1
2024-04-08 21:46:21,699 - root - INFO - Starting sending data
2024-04-08 21:46:21,764 - urllib3.connectionpool - DEBUG - Starting new HTTP connection (1): localhost:6780
2024-04-08 21:46:23,955 - urllib3.connectionpool - DEBUG - http://localhost:6780 "POST /sensor-data HTTP/1.1" 201 4
2024-04-08 21:46:24,009 - root - INFO - Finished sending data
2024-04-08 21:46:27,077 - root - INFO - Successfully saved the result into 448700.txt file
2024-04-08 23:16:29,449 - root - INFO - Successfully generated 2881 data points for ip_addr='localhost' port=6780 indeks=11111
2024-04-08 23:16:29,449 - root - INFO - Registered localhost client successfully! # available clients: 1
2024-04-08 23:16:36,888 - root - INFO - Starting sending data
2024-04-08 23:16:36,948 - urllib3.connectionpool - DEBUG - Starting new HTTP connection (1): localhost:6780
2024-04-08 23:16:39,127 - urllib3.connectionpool - DEBUG - http://localhost:6780 "POST /sensor-data HTTP/1.1" 201 4
2024-04-08 23:16:39,179 - root - INFO - Finished sending data
2024-04-08 23:16:42,478 - root - INFO - Successfully saved the result into 11111.txt file
2024-04-08 23:18:29,912 - root - INFO - Successfully generated 2881 data points for ip_addr='localhost' port=6780 indeks=11111
2024-04-08 23:18:29,912 - root - INFO - Registered localhost client successfully! # available clients: 1
2024-04-08 23:18:31,789 - root - INFO - Starting sending data
2024-04-08 23:18:31,851 - urllib3.connectionpool - DEBUG - Starting new HTTP connection (1): localhost:6780
2024-04-08 23:18:34,035 - urllib3.connectionpool - DEBUG - http://localhost:6780 "POST /sensor-data HTTP/1.1" 201 4
2024-04-08 23:18:34,095 - root - INFO - Finished sending data
2024-04-08 23:20:05,741 - root - INFO - Successfully generated 2881 data points for ip_addr='localhost' port=6780 indeks=11111
2024-04-08 23:20:05,741 - root - INFO - Registered localhost client successfully! # available clients: 1
2024-04-08 23:20:08,587 - root - INFO - Starting sending data
2024-04-08 23:20:08,649 - urllib3.connectionpool - DEBUG - Starting new HTTP connection (1): localhost:6780
2024-04-08 23:20:10,821 - urllib3.connectionpool - DEBUG - http://localhost:6780 "POST /sensor-data HTTP/1.1" 201 4
2024-04-08 23:20:10,879 - root - INFO - Finished sending data
2024-04-08 23:20:14,151 - root - INFO - Successfully saved the result into 11111.txt file
2024-04-08 23:21:18,417 - root - INFO - Successfully generated 2881 data points for ip_addr='localhost' port=6780 indeks=11111
2024-04-08 23:21:18,417 - root - INFO - Registered localhost client successfully! # available clients: 1
2024-04-08 23:21:21,309 - root - INFO - Starting sending data
2024-04-08 23:21:21,371 - urllib3.connectionpool - DEBUG - Starting new HTTP connection (1): localhost:6780
2024-04-08 23:21:23,541 - urllib3.connectionpool - DEBUG - http://localhost:6780 "POST /sensor-data HTTP/1.1" 201 4
2024-04-08 23:21:23,604 - root - INFO - Finished sending data
2024-04-08 23:21:27,154 - root - INFO - Successfully saved the result into 11111.txt file
2024-04-08 23:22:14,798 - root - INFO - Successfully generated 2881 data points for ip_addr='localhost' port=6780 indeks=11111
2024-04-08 23:22:14,798 - root - INFO - Registered localhost client successfully! # available clients: 1
2024-04-08 23:22:17,025 - root - INFO - Starting sending data
2024-04-08 23:22:17,089 - urllib3.connectionpool - DEBUG - Starting new HTTP connection (1): localhost:6780
2024-04-08 23:22:19,250 - urllib3.connectionpool - DEBUG - http://localhost:6780 "POST /sensor-data HTTP/1.1" 201 4
2024-04-08 23:22:19,304 - root - INFO - Finished sending data
2024-04-08 23:22:22,590 - root - INFO - Successfully saved the result into 11111.txt file
2024-04-08 23:23:07,978 - root - INFO - Successfully generated 2881 data points for ip_addr='localhost' port=6780 indeks=11111
2024-04-08 23:23:07,978 - root - INFO - Registered localhost client successfully! # available clients: 1
2024-04-08 23:23:11,136 - root - INFO - Starting sending data
2024-04-08 23:23:11,199 - urllib3.connectionpool - DEBUG - Starting new HTTP connection (1): localhost:6780
2024-04-08 23:23:13,383 - urllib3.connectionpool - DEBUG - http://localhost:6780 "POST /sensor-data HTTP/1.1" 201 4
2024-04-08 23:23:13,445 - root - INFO - Finished sending data
2024-04-08 23:23:16,762 - root - INFO - Successfully saved the result into 11111.txt file
2024-04-08 23:25:00,930 - root - INFO - Successfully generated 2881 data points for ip_addr='localhost' port=6780 indeks=11111
2024-04-08 23:25:00,930 - root - INFO - Registered localhost client successfully! # available clients: 1
2024-04-08 23:25:04,042 - root - INFO - Starting sending data
2024-04-08 23:25:04,104 - urllib3.connectionpool - DEBUG - Starting new HTTP connection (1): localhost:6780
2024-04-08 23:25:06,305 - urllib3.connectionpool - DEBUG - http://localhost:6780 "POST /sensor-data HTTP/1.1" 201 4
2024-04-08 23:25:06,363 - root - INFO - Finished sending data
2024-04-08 23:25:09,729 - root - INFO - Successfully saved the result into 11111.txt file
2024-04-08 23:27:48,264 - root - INFO - Successfully generated 2881 data points for ip_addr='localhost' port=6780 indeks=448700
2024-04-08 23:27:48,265 - root - INFO - Registered localhost client successfully! # available clients: 1
2024-04-08 23:27:52,489 - root - INFO - Starting sending data
2024-04-08 23:27:52,549 - urllib3.connectionpool - DEBUG - Starting new HTTP connection (1): localhost:6780
2024-04-08 23:27:54,727 - urllib3.connectionpool - DEBUG - http://localhost:6780 "POST /sensor-data HTTP/1.1" 201 4
2024-04-08 23:27:54,786 - root - INFO - Finished sending data
2024-04-08 23:27:57,925 - root - INFO - Successfully saved the result into 448700.txt file
2024-04-08 23:28:42,917 - root - INFO - Successfully generated 2881 data points for ip_addr='localhost' port=6780 indeks=11111
2024-04-08 23:28:42,917 - root - INFO - Registered localhost client successfully! # available clients: 1
2024-04-08 23:28:44,978 - root - INFO - Starting sending data
2024-04-08 23:28:45,039 - urllib3.connectionpool - DEBUG - Starting new HTTP connection (1): localhost:6780
2024-04-08 23:28:47,199 - urllib3.connectionpool - DEBUG - http://localhost:6780 "POST /sensor-data HTTP/1.1" 201 4
2024-04-08 23:28:47,256 - root - INFO - Finished sending data
2024-04-08 23:28:50,524 - root - INFO - Successfully saved the result into 11111.txt file
2024-04-08 23:31:38,156 - root - INFO - Successfully generated 2881 data points for ip_addr='localhost' port=6780 indeks=11111
2024-04-08 23:31:38,156 - root - INFO - Registered localhost client successfully! # available clients: 1
2024-04-08 23:31:42,142 - root - INFO - Starting sending data
2024-04-08 23:31:42,207 - urllib3.connectionpool - DEBUG - Starting new HTTP connection (1): localhost:6780
2024-04-08 23:31:44,377 - urllib3.connectionpool - DEBUG - http://localhost:6780 "POST /sensor-data HTTP/1.1" 201 4
2024-04-08 23:31:44,443 - root - INFO - Finished sending data
2024-04-08 23:31:47,685 - root - INFO - Successfully saved the result into 11111.txt file
2024-04-11 22:36:18,603 - root - INFO - Successfully generated 2881 data points for ip_addr='localhost' port=6780 indeks=11111
2024-04-11 22:36:18,603 - root - INFO - Registered localhost client successfully! # available clients: 1
2024-04-11 22:36:23,874 - root - INFO - Starting sending data
2024-04-11 22:36:23,934 - urllib3.connectionpool - DEBUG - Starting new HTTP connection (1): localhost:6780
2024-04-11 22:36:26,105 - urllib3.connectionpool - DEBUG - http://localhost:6780 "POST /sensor-data HTTP/1.1" 201 4
2024-04-11 22:36:26,165 - root - INFO - Finished sending data
2024-04-11 22:39:15,561 - root - INFO - No clients registered
2024-04-11 22:39:24,801 - root - INFO - Successfully generated 2881 data points for ip_addr='localhost' port=6780 indeks=11111
2024-04-11 22:39:24,801 - root - INFO - Registered localhost client successfully! # available clients: 1
2024-04-11 22:39:29,570 - root - INFO - Starting sending data
2024-04-11 22:39:29,631 - urllib3.connectionpool - DEBUG - Starting new HTTP connection (1): localhost:6780
2024-04-11 22:39:31,815 - urllib3.connectionpool - DEBUG - http://localhost:6780 "POST /sensor-data HTTP/1.1" 201 4
2024-04-11 22:39:31,877 - root - INFO - Finished sending data
2024-04-11 22:43:36,465 - root - INFO - Successfully generated 2881 data points for ip_addr='localhost' port=6780 indeks=11111
2024-04-11 22:43:36,465 - root - INFO - Registered localhost client successfully! # available clients: 1
2024-04-11 22:43:39,975 - root - INFO - Starting sending data
2024-04-11 22:43:40,041 - urllib3.connectionpool - DEBUG - Starting new HTTP connection (1): localhost:6780
2024-04-11 22:43:42,223 - urllib3.connectionpool - DEBUG - http://localhost:6780 "POST /sensor-data HTTP/1.1" 201 4
2024-04-11 22:43:42,277 - root - INFO - Finished sending data
2024-04-11 22:46:27,367 - root - INFO - Successfully generated 2881 data points for ip_addr='localhost' port=6780 indeks=11111
2024-04-11 22:46:27,368 - root - INFO - Registered localhost client successfully! # available clients: 1
2024-04-11 22:46:32,451 - root - INFO - Starting sending data
2024-04-11 22:46:32,521 - urllib3.connectionpool - DEBUG - Starting new HTTP connection (1): localhost:6780
2024-04-11 22:46:34,712 - urllib3.connectionpool - DEBUG - http://localhost:6780 "POST /sensor-data HTTP/1.1" 201 4
2024-04-11 22:46:34,769 - root - INFO - Finished sending data
2024-04-11 22:46:37,999 - root - INFO - Successfully saved the result into 11111.txt file
2024-04-11 22:49:18,459 - root - INFO - Successfully generated 2881 data points for ip_addr='localhost' port=6780 indeks=11111
2024-04-11 22:49:18,460 - root - INFO - Registered localhost client successfully! # available clients: 1
2024-04-11 22:49:20,934 - root - INFO - Starting sending data
2024-04-11 22:49:20,996 - urllib3.connectionpool - DEBUG - Starting new HTTP connection (1): localhost:6780
2024-04-11 22:49:23,179 - urllib3.connectionpool - DEBUG - http://localhost:6780 "POST /sensor-data HTTP/1.1" 201 4
2024-04-11 22:49:23,241 - root - INFO - Finished sending data
2024-04-11 22:49:26,400 - root - INFO - Successfully saved the result into 11111.txt file
2024-04-11 22:49:52,506 - root - INFO - Starting sending data
2024-04-11 22:49:52,566 - urllib3.connectionpool - DEBUG - Starting new HTTP connection (1): localhost:6780
2024-04-11 22:49:54,721 - urllib3.connectionpool - DEBUG - http://localhost:6780 "POST /sensor-data HTTP/1.1" 201 4
2024-04-11 22:49:54,773 - root - INFO - Finished sending data
2024-04-11 22:49:57,988 - root - INFO - Successfully saved the result into 11111.txt file
2024-04-11 22:50:06,254 - root - INFO - Starting sending data
2024-04-11 22:50:06,344 - urllib3.connectionpool - DEBUG - Starting new HTTP connection (1): localhost:6780
2024-04-11 22:50:08,508 - urllib3.connectionpool - DEBUG - http://localhost:6780 "POST /sensor-data HTTP/1.1" 201 4
2024-04-11 22:50:08,570 - root - INFO - Finished sending data
2024-04-11 22:50:10,638 - root - INFO - Successfully saved the result into 11111.txt file
2024-04-11 22:50:13,114 - root - INFO - Starting sending data
2024-04-11 22:50:13,173 - urllib3.connectionpool - DEBUG - Starting new HTTP connection (1): localhost:6780
2024-04-11 22:50:15,344 - urllib3.connectionpool - DEBUG - http://localhost:6780 "POST /sensor-data HTTP/1.1" 201 4
2024-04-11 22:50:15,398 - root - INFO - Finished sending data
2024-04-11 22:50:18,601 - root - INFO - Successfully saved the result into 11111.txt file
2024-04-11 22:50:33,680 - root - INFO - Starting sending data
2024-04-11 22:50:33,740 - urllib3.connectionpool - DEBUG - Starting new HTTP connection (1): localhost:6780
2024-04-11 22:50:35,885 - urllib3.connectionpool - DEBUG - http://localhost:6780 "POST /sensor-data HTTP/1.1" 201 4
2024-04-11 22:50:35,944 - root - INFO - Finished sending data
2024-04-11 22:50:39,104 - root - INFO - Successfully saved the result into 11111.txt file
2024-04-13 00:28:43,084 - root - INFO - Successfully generated 2881 data points for ip_addr='localhost' port=6780 indeks=11111
2024-04-13 00:28:43,084 - root - INFO - Registered localhost client successfully! # available clients: 1
2024-04-13 00:28:46,482 - root - INFO - Starting sending data
2024-04-13 00:28:46,544 - urllib3.connectionpool - DEBUG - Starting new HTTP connection (1): localhost:6780
2024-04-13 00:28:48,728 - urllib3.connectionpool - DEBUG - http://localhost:6780 "POST /sensor-data HTTP/1.1" 201 4
2024-04-13 00:28:48,789 - root - INFO - Finished sending data
2024-04-13 00:28:51,979 - root - INFO - Successfully saved the result into 11111.txt file
2024-04-13 00:33:04,633 - root - INFO - Successfully generated 2881 data points for ip_addr='localhost' port=6780 indeks=11111
2024-04-13 00:33:04,633 - root - INFO - Registered localhost client successfully! # available clients: 1
2024-04-13 00:33:10,090 - root - INFO - Starting sending data
2024-04-13 00:33:10,152 - urllib3.connectionpool - DEBUG - Starting new HTTP connection (1): localhost:6780
2024-04-13 00:33:12,326 - urllib3.connectionpool - DEBUG - http://localhost:6780 "POST /sensor-data HTTP/1.1" 201 4
2024-04-13 00:33:12,380 - root - INFO - Finished sending data
2024-04-13 00:33:15,558 - root - INFO - Successfully saved the result into 11111.txt file
2024-04-13 00:33:51,800 - root - INFO - Starting sending data
2024-04-13 00:33:51,866 - urllib3.connectionpool - DEBUG - Starting new HTTP connection (1): localhost:6780
2024-04-13 00:33:54,034 - urllib3.connectionpool - DEBUG - http://localhost:6780 "POST /sensor-data HTTP/1.1" 201 4
2024-04-13 00:33:54,100 - root - INFO - Finished sending data
2024-04-13 00:33:57,263 - root - INFO - Successfully saved the result into 11111.txt file
2024-04-13 00:35:09,252 - root - INFO - Successfully generated 2881 data points for ip_addr='localhost' port=6780 indeks=11111
2024-04-13 00:35:09,253 - root - INFO - Registered localhost client successfully! # available clients: 1
2024-04-13 00:35:19,534 - root - INFO - Starting sending data
2024-04-13 00:35:19,596 - urllib3.connectionpool - DEBUG - Starting new HTTP connection (1): localhost:6780
2024-04-13 00:35:21,784 - urllib3.connectionpool - DEBUG - http://localhost:6780 "POST /sensor-data HTTP/1.1" 201 4
2024-04-13 00:35:21,844 - root - INFO - Finished sending data
2024-04-13 00:35:25,051 - root - INFO - Successfully saved the result into 11111.txt file
2024-04-13 00:36:20,955 - root - INFO - Starting sending data
2024-04-13 00:36:21,015 - urllib3.connectionpool - DEBUG - Starting new HTTP connection (1): localhost:6780
2024-04-13 00:36:23,197 - urllib3.connectionpool - DEBUG - http://localhost:6780 "POST /sensor-data HTTP/1.1" 201 4
2024-04-13 00:36:23,257 - root - INFO - Finished sending data
2024-04-13 00:36:26,478 - root - INFO - Successfully saved the result into 11111.txt file
2024-04-13 00:37:27,268 - root - INFO - Starting sending data
2024-04-13 00:37:27,325 - urllib3.connectionpool - DEBUG - Starting new HTTP connection (1): localhost:6780
2024-04-13 00:37:29,484 - urllib3.connectionpool - DEBUG - http://localhost:6780 "POST /sensor-data HTTP/1.1" 201 4
2024-04-13 00:37:29,536 - root - INFO - Finished sending data
2024-04-13 00:37:32,716 - root - INFO - Successfully saved the result into 11111.txt file
2024-04-13 00:37:54,722 - root - INFO - Starting sending data
2024-04-13 00:37:54,783 - urllib3.connectionpool - DEBUG - Starting new HTTP connection (1): localhost:6780
2024-04-13 00:37:56,938 - urllib3.connectionpool - DEBUG - http://localhost:6780 "POST /sensor-data HTTP/1.1" 201 4
2024-04-13 00:37:56,992 - root - INFO - Finished sending data
2024-04-13 00:38:00,201 - root - INFO - Successfully saved the result into 11111.txt file
2024-04-13 00:38:55,524 - root - INFO - Successfully generated 2881 data points for ip_addr='localhost' port=6780 indeks=11111
2024-04-13 00:38:55,524 - root - INFO - Registered localhost client successfully! # available clients: 1
2024-04-13 00:39:01,564 - root - INFO - Starting sending data
2024-04-13 00:39:01,628 - urllib3.connectionpool - DEBUG - Starting new HTTP connection (1): localhost:6780
2024-04-13 00:39:03,813 - urllib3.connectionpool - DEBUG - http://localhost:6780 "POST /sensor-data HTTP/1.1" 201 4
2024-04-13 00:39:03,866 - root - INFO - Finished sending data
2024-04-13 00:39:07,128 - root - INFO - Successfully saved the result into 11111.txt file
2024-04-13 00:42:03,441 - root - INFO - Successfully generated 2881 data points for ip_addr='localhost' port=6780 indeks=11111
2024-04-13 00:42:03,441 - root - INFO - Registered localhost client successfully! # available clients: 1
2024-04-13 00:42:46,261 - root - INFO - Starting sending data
2024-04-13 00:42:46,324 - urllib3.connectionpool - DEBUG - Starting new HTTP connection (1): localhost:6780
2024-04-13 00:42:48,510 - urllib3.connectionpool - DEBUG - http://localhost:6780 "POST /sensor-data HTTP/1.1" 201 4
2024-04-13 00:42:48,567 - root - INFO - Finished sending data
2024-04-13 00:42:51,731 - root - INFO - Successfully saved the result into 11111.txt file
2024-04-13 00:44:34,744 - root - INFO - Successfully generated 2881 data points for ip_addr='localhost' port=6780 indeks=11111
2024-04-13 00:44:34,744 - root - INFO - Registered localhost client successfully! # available clients: 1
2024-04-13 00:44:37,106 - root - INFO - Starting sending data
2024-04-13 00:44:37,168 - urllib3.connectionpool - DEBUG - Starting new HTTP connection (1): localhost:6780
2024-04-13 00:44:39,358 - urllib3.connectionpool - DEBUG - http://localhost:6780 "POST /sensor-data HTTP/1.1" 201 4
2024-04-13 00:44:39,411 - root - INFO - Finished sending data
2024-04-13 00:46:48,960 - root - INFO - Successfully generated 2881 data points for ip_addr='localhost' port=6780 indeks=11111
2024-04-13 00:46:48,961 - root - INFO - Registered localhost client successfully! # available clients: 1
2024-04-13 00:46:59,478 - root - INFO - Starting sending data
2024-04-13 00:46:59,539 - urllib3.connectionpool - DEBUG - Starting new HTTP connection (1): localhost:6780
2024-04-13 00:47:01,704 - urllib3.connectionpool - DEBUG - http://localhost:6780 "POST /sensor-data HTTP/1.1" 201 4
2024-04-13 00:47:01,770 - root - INFO - Finished sending data
2024-04-13 00:47:04,932 - root - INFO - Successfully saved the result into 11111.txt file
2024-04-13 00:47:33,654 - root - INFO - Starting sending data
2024-04-13 00:47:33,716 - urllib3.connectionpool - DEBUG - Starting new HTTP connection (1): localhost:6780
2024-04-13 00:47:35,897 - urllib3.connectionpool - DEBUG - http://localhost:6780 "POST /sensor-data HTTP/1.1" 201 4
2024-04-13 00:47:35,957 - root - INFO - Finished sending data
2024-04-13 00:47:39,089 - root - INFO - Successfully saved the result into 11111.txt file
2024-04-13 00:47:49,398 - root - INFO - Starting sending data
2024-04-13 00:47:49,457 - urllib3.connectionpool - DEBUG - Starting new HTTP connection (1): localhost:6780
2024-04-13 00:47:51,615 - urllib3.connectionpool - DEBUG - http://localhost:6780 "POST /sensor-data HTTP/1.1" 201 4
2024-04-13 00:47:51,675 - root - INFO - Finished sending data
2024-04-13 00:47:54,823 - root - INFO - Successfully saved the result into 11111.txt file
2024-04-13 00:48:05,457 - root - INFO - Starting sending data
2024-04-13 00:48:05,515 - urllib3.connectionpool - DEBUG - Starting new HTTP connection (1): localhost:6780
2024-04-13 00:48:07,700 - urllib3.connectionpool - DEBUG - http://localhost:6780 "POST /sensor-data HTTP/1.1" 201 4
2024-04-13 00:48:07,767 - root - INFO - Finished sending data
2024-04-13 00:48:10,904 - root - INFO - Successfully saved the result into 11111.txt file
2024-04-13 00:48:17,490 - root - INFO - Starting sending data
2024-04-13 00:48:17,552 - urllib3.connectionpool - DEBUG - Starting new HTTP connection (1): localhost:6780
2024-04-13 00:48:19,738 - urllib3.connectionpool - DEBUG - http://localhost:6780 "POST /sensor-data HTTP/1.1" 201 4
2024-04-13 00:48:19,804 - root - INFO - Finished sending data
2024-04-13 00:48:22,967 - root - INFO - Successfully saved the result into 11111.txt file
2024-04-13 00:48:54,695 - root - INFO - Successfully generated 2881 data points for ip_addr='localhost' port=6780 indeks=11111
2024-04-13 00:48:54,695 - root - INFO - Registered localhost client successfully! # available clients: 1
2024-04-13 00:49:00,526 - root - INFO - Starting sending data
2024-04-13 00:49:00,589 - urllib3.connectionpool - DEBUG - Starting new HTTP connection (1): localhost:6780
2024-04-13 00:49:02,779 - urllib3.connectionpool - DEBUG - http://localhost:6780 "POST /sensor-data HTTP/1.1" 201 4
2024-04-13 00:49:02,840 - root - INFO - Finished sending data
2024-04-13 00:49:05,978 - root - INFO - Successfully saved the result into 11111.txt file
2024-04-13 00:51:54,636 - root - INFO - Successfully generated 2881 data points for ip_addr='localhost' port=6780 indeks=11111
2024-04-13 00:51:54,637 - root - INFO - Registered localhost client successfully! # available clients: 1
2024-04-13 00:52:00,687 - root - INFO - Starting sending data
2024-04-13 00:52:00,750 - urllib3.connectionpool - DEBUG - Starting new HTTP connection (1): localhost:6780
2024-04-13 00:52:02,917 - urllib3.connectionpool - DEBUG - http://localhost:6780 "POST /sensor-data HTTP/1.1" 201 4
2024-04-13 00:52:02,975 - root - INFO - Finished sending data
2024-04-13 00:52:57,446 - root - INFO - Successfully generated 2881 data points for ip_addr='localhost' port=6780 indeks=11111
2024-04-13 00:52:57,447 - root - INFO - Registered localhost client successfully! # available clients: 1
2024-04-13 00:53:01,169 - root - INFO - Starting sending data
2024-04-13 00:53:01,230 - urllib3.connectionpool - DEBUG - Starting new HTTP connection (1): localhost:6780
2024-04-13 00:53:03,413 - urllib3.connectionpool - DEBUG - http://localhost:6780 "POST /sensor-data HTTP/1.1" 201 4
2024-04-13 00:53:03,475 - root - INFO - Finished sending data
2024-04-13 00:53:06,619 - root - INFO - Successfully saved the result into 11111.txt file
2024-04-13 17:20:09,449 - root - INFO - Successfully generated 2881 data points for ip_addr='localhost' port=6780 indeks=11111
2024-04-13 17:20:09,449 - root - INFO - Registered localhost client successfully! # available clients: 1
2024-04-13 17:20:12,120 - root - INFO - Starting sending data
2024-04-13 17:20:12,181 - urllib3.connectionpool - DEBUG - Starting new HTTP connection (1): localhost:6780
2024-04-13 17:20:14,352 - urllib3.connectionpool - DEBUG - http://localhost:6780 "POST /sensor-data HTTP/1.1" 201 4
2024-04-13 17:20:14,413 - root - INFO - Finished sending data
2024-04-13 17:20:17,783 - root - INFO - Successfully saved the result into 11111.txt file
2024-04-13 17:24:19,285 - root - INFO - Starting sending data
2024-04-13 17:24:19,346 - urllib3.connectionpool - DEBUG - Starting new HTTP connection (1): localhost:6780
2024-04-13 17:24:21,525 - urllib3.connectionpool - DEBUG - http://localhost:6780 "POST /sensor-data HTTP/1.1" 201 4
2024-04-13 17:24:21,585 - root - INFO - Finished sending data
2024-04-13 17:24:24,780 - root - INFO - Successfully saved the result into 11111.txt file
2024-04-13 17:25:09,167 - root - INFO - Starting sending data
2024-04-13 17:25:09,228 - urllib3.connectionpool - DEBUG - Starting new HTTP connection (1): localhost:6780
2024-04-13 17:25:11,407 - urllib3.connectionpool - DEBUG - http://localhost:6780 "POST /sensor-data HTTP/1.1" 201 4
2024-04-13 17:25:11,461 - root - INFO - Finished sending data
2024-04-13 17:25:14,690 - root - INFO - Successfully saved the result into 11111.txt file
2024-04-13 17:25:29,713 - root - INFO - Starting sending data
2024-04-13 17:25:29,771 - urllib3.connectionpool - DEBUG - Starting new HTTP connection (1): localhost:6780
2024-04-13 17:25:31,943 - urllib3.connectionpool - DEBUG - http://localhost:6780 "POST /sensor-data HTTP/1.1" 201 4
2024-04-13 17:25:32,007 - root - INFO - Finished sending data
2024-04-13 17:25:35,155 - root - INFO - Successfully saved the result into 11111.txt file
2024-04-13 17:28:13,462 - root - INFO - Starting sending data
2024-04-13 17:28:13,523 - urllib3.connectionpool - DEBUG - Starting new HTTP connection (1): localhost:6780
2024-04-13 17:28:15,702 - urllib3.connectionpool - DEBUG - http://localhost:6780 "POST /sensor-data HTTP/1.1" 201 4
2024-04-13 17:28:15,756 - root - INFO - Finished sending data
2024-04-13 17:28:18,994 - root - INFO - Successfully saved the result into 11111.txt file
2024-04-13 17:29:28,289 - root - INFO - Starting sending data
2024-04-13 17:29:28,350 - urllib3.connectionpool - DEBUG - Starting new HTTP connection (1): localhost:6780
2024-04-13 17:29:30,499 - urllib3.connectionpool - DEBUG - http://localhost:6780 "POST /sensor-data HTTP/1.1" 201 4
2024-04-13 17:29:30,554 - root - INFO - Finished sending data
2024-04-13 17:29:33,770 - root - INFO - Successfully saved the result into 11111.txt file
2024-04-13 17:30:31,166 - root - INFO - Starting sending data
2024-04-13 17:30:31,225 - urllib3.connectionpool - DEBUG - Starting new HTTP connection (1): localhost:6780
2024-04-13 17:30:33,396 - urllib3.connectionpool - DEBUG - http://localhost:6780 "POST /sensor-data HTTP/1.1" 201 4
2024-04-13 17:30:33,460 - root - INFO - Finished sending data
2024-04-13 17:30:36,795 - root - INFO - Successfully saved the result into 11111.txt file
2024-04-13 17:35:17,305 - root - INFO - Successfully generated 2881 data points for ip_addr='localhost' port=6780 indeks=11111
2024-04-13 17:35:17,305 - root - INFO - Registered localhost client successfully! # available clients: 1
2024-04-13 17:35:19,389 - root - INFO - Starting sending data
2024-04-13 17:35:19,453 - urllib3.connectionpool - DEBUG - Starting new HTTP connection (1): localhost:6780
2024-04-13 17:35:21,630 - urllib3.connectionpool - DEBUG - http://localhost:6780 "POST /sensor-data HTTP/1.1" 201 4
2024-04-13 17:35:21,695 - root - INFO - Finished sending data
2024-04-13 17:35:24,860 - root - INFO - Successfully saved the result into 11111.txt file
2024-04-13 17:35:32,182 - root - INFO - Starting sending data
2024-04-13 17:35:32,242 - urllib3.connectionpool - DEBUG - Starting new HTTP connection (1): localhost:6780
2024-04-13 17:35:34,416 - urllib3.connectionpool - DEBUG - http://localhost:6780 "POST /sensor-data HTTP/1.1" 201 4
2024-04-13 17:35:34,475 - root - INFO - Finished sending data
2024-04-13 17:35:37,608 - root - INFO - Successfully saved the result into 11111.txt file
2024-04-13 17:35:45,383 - root - INFO - Starting sending data
2024-04-13 17:35:45,443 - urllib3.connectionpool - DEBUG - Starting new HTTP connection (1): localhost:6780
2024-04-13 17:35:47,625 - urllib3.connectionpool - DEBUG - http://localhost:6780 "POST /sensor-data HTTP/1.1" 201 4
2024-04-13 17:35:47,679 - root - INFO - Finished sending data
2024-04-13 17:35:50,795 - root - INFO - Successfully saved the result into 11111.txt file
2024-04-13 17:38:12,964 - root - INFO - Successfully generated 2881 data points for ip_addr='localhost' port=6780 indeks=11111
2024-04-13 17:38:12,964 - root - INFO - Registered localhost client successfully! # available clients: 1
2024-04-13 17:55:15,591 - root - INFO - No clients registered
2024-04-13 17:55:30,139 - root - INFO - Successfully generated 2881 data points for ip_addr='localhost' port=6780 indeks=11111
2024-04-13 17:55:30,139 - root - INFO - Registered localhost client successfully! # available clients: 1
2024-04-13 17:55:32,833 - root - INFO - Starting sending data
2024-04-13 17:55:32,897 - urllib3.connectionpool - DEBUG - Starting new HTTP connection (1): localhost:6780
2024-04-13 17:55:35,073 - urllib3.connectionpool - DEBUG - http://localhost:6780 "POST /sensor-data HTTP/1.1" 201 4
2024-04-13 17:55:35,132 - root - INFO - Finished sending data
2024-04-13 17:55:38,309 - root - INFO - Successfully saved the result into 11111.txt file
2024-04-13 17:55:46,492 - root - INFO - Starting sending data
2024-04-13 17:55:46,552 - urllib3.connectionpool - DEBUG - Starting new HTTP connection (1): localhost:6780
2024-04-13 17:55:48,715 - urllib3.connectionpool - DEBUG - http://localhost:6780 "POST /sensor-data HTTP/1.1" 201 4
2024-04-13 17:55:48,771 - root - INFO - Finished sending data
2024-04-13 17:55:51,925 - root - INFO - Successfully saved the result into 11111.txt file
2024-04-13 17:56:08,643 - root - INFO - Starting sending data
2024-04-13 17:56:08,701 - urllib3.connectionpool - DEBUG - Starting new HTTP connection (1): localhost:6780
2024-04-13 17:56:10,840 - urllib3.connectionpool - DEBUG - http://localhost:6780 "POST /sensor-data HTTP/1.1" 201 4
2024-04-13 17:56:10,899 - root - INFO - Finished sending data
2024-04-13 17:56:14,029 - root - INFO - Successfully saved the result into 11111.txt file
2024-04-13 17:56:24,509 - root - INFO - Starting sending data
2024-04-13 17:56:24,567 - urllib3.connectionpool - DEBUG - Starting new HTTP connection (1): localhost:6780
2024-04-13 17:56:26,735 - urllib3.connectionpool - DEBUG - http://localhost:6780 "POST /sensor-data HTTP/1.1" 201 4
2024-04-13 17:56:26,797 - root - INFO - Finished sending data
2024-04-13 17:56:29,933 - root - INFO - Successfully saved the result into 11111.txt file
2024-04-13 18:03:50,166 - root - INFO - Successfully generated 2881 data points for ip_addr='localhost' port=6780 indeks=11111
2024-04-13 18:03:50,166 - root - INFO - Registered localhost client successfully! # available clients: 1
2024-04-13 18:03:54,590 - root - INFO - Starting sending data
2024-04-13 18:03:54,654 - urllib3.connectionpool - DEBUG - Starting new HTTP connection (1): localhost:6780
2024-04-13 18:03:56,853 - urllib3.connectionpool - DEBUG - http://localhost:6780 "POST /sensor-data HTTP/1.1" 201 4
2024-04-13 18:03:56,912 - root - INFO - Finished sending data
2024-04-13 18:04:00,062 - root - INFO - Successfully saved the result into 11111.txt file
2024-04-13 18:04:12,409 - root - INFO - Starting sending data
2024-04-13 18:04:12,470 - urllib3.connectionpool - DEBUG - Starting new HTTP connection (1): localhost:6780
2024-04-13 18:04:14,637 - urllib3.connectionpool - DEBUG - http://localhost:6780 "POST /sensor-data HTTP/1.1" 201 4
2024-04-13 18:04:14,693 - root - INFO - Finished sending data
2024-04-13 18:04:17,843 - root - INFO - Successfully saved the result into 11111.txt file
2024-04-13 18:04:26,415 - root - INFO - Starting sending data
2024-04-13 18:04:26,474 - urllib3.connectionpool - DEBUG - Starting new HTTP connection (1): localhost:6780
2024-04-13 18:04:28,642 - urllib3.connectionpool - DEBUG - http://localhost:6780 "POST /sensor-data HTTP/1.1" 201 4
2024-04-13 18:04:28,694 - root - INFO - Finished sending data
2024-04-13 18:04:31,872 - root - INFO - Successfully saved the result into 11111.txt file
2024-04-13 18:04:35,319 - root - INFO - Starting sending data
2024-04-13 18:04:35,378 - urllib3.connectionpool - DEBUG - Starting new HTTP connection (1): localhost:6780
2024-04-13 18:04:37,545 - urllib3.connectionpool - DEBUG - http://localhost:6780 "POST /sensor-data HTTP/1.1" 201 4
2024-04-13 18:04:37,601 - root - INFO - Finished sending data
2024-04-13 18:04:40,777 - root - INFO - Successfully saved the result into 11111.txt file
2024-04-13 18:04:55,335 - root - INFO - Starting sending data
2024-04-13 18:04:55,394 - urllib3.connectionpool - DEBUG - Starting new HTTP connection (1): localhost:6780
2024-04-13 18:04:57,553 - urllib3.connectionpool - DEBUG - http://localhost:6780 "POST /sensor-data HTTP/1.1" 201 4
2024-04-13 18:04:57,617 - root - INFO - Finished sending data
2024-04-13 18:05:00,733 - root - INFO - Successfully saved the result into 11111.txt file
2024-04-13 18:05:19,962 - root - INFO - Starting sending data
2024-04-13 18:05:20,022 - urllib3.connectionpool - DEBUG - Starting new HTTP connection (1): localhost:6780
2024-04-13 18:05:22,201 - urllib3.connectionpool - DEBUG - http://localhost:6780 "POST /sensor-data HTTP/1.1" 201 4
2024-04-13 18:05:22,257 - root - INFO - Finished sending data
2024-04-13 18:05:25,421 - root - INFO - Successfully saved the result into 11111.txt file
2024-04-13 18:05:31,666 - root - INFO - Starting sending data
2024-04-13 18:05:31,724 - urllib3.connectionpool - DEBUG - Starting new HTTP connection (1): localhost:6780
2024-04-13 18:05:33,881 - urllib3.connectionpool - DEBUG - http://localhost:6780 "POST /sensor-data HTTP/1.1" 201 4
2024-04-13 18:05:33,945 - root - INFO - Finished sending data
2024-04-13 18:05:37,170 - root - INFO - Successfully saved the result into 11111.txt file
2024-04-13 18:05:41,036 - root - INFO - Starting sending data
2024-04-13 18:05:41,126 - urllib3.connectionpool - DEBUG - Starting new HTTP connection (1): localhost:6780
2024-04-13 18:05:43,271 - urllib3.connectionpool - DEBUG - http://localhost:6780 "POST /sensor-data HTTP/1.1" 201 4
2024-04-13 18:05:43,336 - root - INFO - Finished sending data
2024-04-13 18:05:46,463 - root - INFO - Successfully saved the result into 11111.txt file
2024-04-13 18:06:41,209 - root - INFO - Starting sending data
2024-04-13 18:06:41,268 - urllib3.connectionpool - DEBUG - Starting new HTTP connection (1): localhost:6780
2024-04-13 18:06:43,408 - urllib3.connectionpool - DEBUG - http://localhost:6780 "POST /sensor-data HTTP/1.1" 201 4
2024-04-13 18:06:43,474 - root - INFO - Finished sending data
2024-04-13 18:06:45,811 - root - INFO - Successfully saved the result into 11111.txt file
2024-04-13 18:06:53,846 - root - INFO - Starting sending data
2024-04-13 18:06:53,907 - urllib3.connectionpool - DEBUG - Starting new HTTP connection (1): localhost:6780
2024-04-13 18:06:56,067 - urllib3.connectionpool - DEBUG - http://localhost:6780 "POST /sensor-data HTTP/1.1" 201 4
2024-04-13 18:06:56,131 - root - INFO - Finished sending data
2024-04-13 18:06:59,327 - root - INFO - Successfully saved the result into 11111.txt file
2024-04-13 18:08:33,945 - root - INFO - Successfully generated 2881 data points for ip_addr='localhost' port=6780 indeks=11111
2024-04-13 18:08:33,945 - root - INFO - Registered localhost client successfully! # available clients: 1
2024-04-13 18:09:01,153 - root - INFO - Starting sending data
2024-04-13 18:09:01,217 - urllib3.connectionpool - DEBUG - Starting new HTTP connection (1): localhost:6780
2024-04-13 18:09:03,365 - urllib3.connectionpool - DEBUG - http://localhost:6780 "POST /sensor-data HTTP/1.1" 201 4
2024-04-13 18:09:03,419 - root - INFO - Finished sending data
2024-04-13 18:09:06,607 - root - INFO - Successfully saved the result into 11111.txt file
2024-04-13 18:09:13,070 - root - INFO - Starting sending data
2024-04-13 18:09:13,131 - urllib3.connectionpool - DEBUG - Starting new HTTP connection (1): localhost:6780
2024-04-13 18:09:15,311 - urllib3.connectionpool - DEBUG - http://localhost:6780 "POST /sensor-data HTTP/1.1" 201 4
2024-04-13 18:09:15,367 - root - INFO - Finished sending data
2024-04-13 18:09:18,543 - root - INFO - Successfully saved the result into 11111.txt file
2024-04-13 18:09:29,851 - root - INFO - Starting sending data
2024-04-13 18:09:29,911 - urllib3.connectionpool - DEBUG - Starting new HTTP connection (1): localhost:6780
2024-04-13 18:09:32,073 - urllib3.connectionpool - DEBUG - http://localhost:6780 "POST /sensor-data HTTP/1.1" 201 4
2024-04-13 18:09:32,131 - root - INFO - Finished sending data
2024-04-13 18:09:35,263 - root - INFO - Successfully saved the result into 11111.txt file
2024-04-13 18:09:39,982 - root - INFO - Starting sending data
2024-04-13 18:09:40,042 - urllib3.connectionpool - DEBUG - Starting new HTTP connection (1): localhost:6780
2024-04-13 18:09:42,225 - urllib3.connectionpool - DEBUG - http://localhost:6780 "POST /sensor-data HTTP/1.1" 201 4
2024-04-13 18:09:42,289 - root - INFO - Finished sending data
2024-04-13 18:09:45,421 - root - INFO - Successfully saved the result into 11111.txt file
2024-04-13 18:09:53,772 - root - INFO - Starting sending data
2024-04-13 18:09:53,831 - urllib3.connectionpool - DEBUG - Starting new HTTP connection (1): localhost:6780
2024-04-13 18:09:55,987 - urllib3.connectionpool - DEBUG - http://localhost:6780 "POST /sensor-data HTTP/1.1" 201 4
2024-04-13 18:09:56,046 - root - INFO - Finished sending data
2024-04-13 18:09:59,216 - root - INFO - Successfully saved the result into 11111.txt file
2024-04-13 18:10:10,755 - root - INFO - Starting sending data
2024-04-13 18:10:10,814 - urllib3.connectionpool - DEBUG - Starting new HTTP connection (1): localhost:6780
2024-04-13 18:10:12,983 - urllib3.connectionpool - DEBUG - http://localhost:6780 "POST /sensor-data HTTP/1.1" 201 4
2024-04-13 18:10:13,039 - root - INFO - Finished sending data
2024-04-13 18:10:16,211 - root - INFO - Successfully saved the result into 11111.txt file
2024-04-13 18:10:33,212 - root - INFO - Starting sending data
2024-04-13 18:10:33,271 - urllib3.connectionpool - DEBUG - Starting new HTTP connection (1): localhost:6780
2024-04-13 18:10:35,442 - urllib3.connectionpool - DEBUG - http://localhost:6780 "POST /sensor-data HTTP/1.1" 201 4
2024-04-13 18:10:35,506 - root - INFO - Finished sending data
2024-04-13 18:10:38,655 - root - INFO - Successfully saved the result into 11111.txt file
2024-04-13 18:10:45,144 - root - INFO - Starting sending data
2024-04-13 18:10:45,221 - urllib3.connectionpool - DEBUG - Starting new HTTP connection (1): localhost:6780
2024-04-13 18:10:47,387 - urllib3.connectionpool - DEBUG - http://localhost:6780 "POST /sensor-data HTTP/1.1" 201 4
2024-04-13 18:10:47,445 - root - INFO - Finished sending data
2024-04-13 18:10:50,627 - root - INFO - Successfully saved the result into 11111.txt file
2024-04-13 18:10:59,721 - root - INFO - Starting sending data
2024-04-13 18:10:59,781 - urllib3.connectionpool - DEBUG - Starting new HTTP connection (1): localhost:6780
2024-04-13 18:11:01,949 - urllib3.connectionpool - DEBUG - http://localhost:6780 "POST /sensor-data HTTP/1.1" 201 4
2024-04-13 18:11:02,006 - root - INFO - Finished sending data
2024-04-13 18:11:05,154 - root - INFO - Successfully saved the result into 11111.txt file
2024-04-13 18:14:37,213 - root - INFO - Successfully generated 2881 data points for ip_addr='localhost' port=6780 indeks=11111
2024-04-13 18:14:37,213 - root - INFO - Registered localhost client successfully! # available clients: 1
2024-04-13 18:14:40,778 - root - INFO - Starting sending data
2024-04-13 18:14:40,838 - urllib3.connectionpool - DEBUG - Starting new HTTP connection (1): localhost:6780
2024-04-13 18:14:43,000 - urllib3.connectionpool - DEBUG - http://localhost:6780 "POST /sensor-data HTTP/1.1" 201 4
2024-04-13 18:14:43,051 - root - INFO - Finished sending data
2024-04-13 18:14:46,217 - root - INFO - Successfully saved the result into 11111.txt file
2024-04-13 18:14:51,066 - root - INFO - Starting sending data
2024-04-13 18:14:51,126 - urllib3.connectionpool - DEBUG - Starting new HTTP connection (1): localhost:6780
2024-04-13 18:14:53,300 - urllib3.connectionpool - DEBUG - http://localhost:6780 "POST /sensor-data HTTP/1.1" 201 4
2024-04-13 18:14:53,366 - root - INFO - Finished sending data
2024-04-13 18:14:56,492 - root - INFO - Successfully saved the result into 11111.txt file
2024-04-13 18:15:03,070 - root - INFO - Starting sending data
2024-04-13 18:15:03,130 - urllib3.connectionpool - DEBUG - Starting new HTTP connection (1): localhost:6780
2024-04-13 18:15:05,289 - urllib3.connectionpool - DEBUG - http://localhost:6780 "POST /sensor-data HTTP/1.1" 201 4
2024-04-13 18:15:05,351 - root - INFO - Finished sending data
2024-04-13 18:15:08,473 - root - INFO - Successfully saved the result into 11111.txt file
2024-04-13 18:15:19,724 - root - INFO - Starting sending data
2024-04-13 18:15:19,781 - urllib3.connectionpool - DEBUG - Starting new HTTP connection (1): localhost:6780
2024-04-13 18:15:21,959 - urllib3.connectionpool - DEBUG - http://localhost:6780 "POST /sensor-data HTTP/1.1" 201 4
2024-04-13 18:15:22,022 - root - INFO - Finished sending data
2024-04-13 18:15:25,186 - root - INFO - Successfully saved the result into 11111.txt file
2024-04-13 18:17:40,008 - root - INFO - Starting sending data
2024-04-13 18:17:40,066 - urllib3.connectionpool - DEBUG - Starting new HTTP connection (1): localhost:6780
2024-04-13 18:17:42,222 - urllib3.connectionpool - DEBUG - http://localhost:6780 "POST /sensor-data HTTP/1.1" 201 4
2024-04-13 18:17:42,288 - root - INFO - Finished sending data
2024-04-13 18:17:45,427 - root - INFO - Successfully saved the result into 11111.txt file
